<?xml version="1.0" encoding="UTF-8"?>
<robot generated="20171226 16:56:26.108" generator="Robot 3.0.2 (Python 2.7.8 on win32)">
<suite source="D:\TON\WebTesting\Browser\GUI\DEMO\TestCases.robot" id="s1" name="TestCases">
<test id="s1-t1" name="BF_Signup">
<kw name="TC BF Signup" library="BF_Signup">
<arguments>
<arg>no</arg>
<arg>0</arg>
<arg>no</arg>
</arguments>
<msg timestamp="20171226 16:56:49.036" level="INFO">Fine
Starting Thread-1

Hello from s_1  %d 0
Hello from s_1  %d 0
Hello from s_1  %d 0
Hello from s_1  %d 0
Hello from s_1  %d 0
Hello from s_1  %d 0
Hello from s_1  %d 0</msg>
<msg timestamp="20171226 16:56:49.036" level="FAIL">NoSuchElementException: Message: no such element: Unable to locate element: {"method":"link text","selector":"Sign up"}
  (Session info: chrome=63.0.3239.108)
  (Driver info: chromedriver=2.33.506120 (e3e53437346286c0bc2d2dc9aa4915ba81d9023f),platform=Windows NT 10.0.15063 x86_64)
</msg>
<status status="FAIL" endtime="20171226 16:56:49.051" starttime="20171226 16:56:26.569"></status>
</kw>
<status status="FAIL" endtime="20171226 16:56:49.051" critical="yes" starttime="20171226 16:56:26.548">NoSuchElementException: Message: no such element: Unable to locate element: {"method":"link text","selector":"Sign up"}
  (Session info: chrome=63.0.3239.108)
  (Driver info: chromedriver=2.33.506120 (e3e53437346286c0bc2d2dc9aa4915ba81d9023f),platform=Windows NT 10.0.15063 x86_64)
</status>
</test>
<status status="FAIL" endtime="20171226 16:56:49.051" starttime="20171226 16:56:26.160"></status>
</suite>
<statistics>
<total>
<stat fail="1" pass="0">Critical Tests</stat>
<stat fail="1" pass="0">All Tests</stat>
</total>
<tag>
</tag>
<suite>
<stat fail="1" id="s1" name="TestCases" pass="0">TestCases</stat>
</suite>
</statistics>
<errors>
</errors>
</robot>
