<?xml version="1.0" encoding="UTF-8"?>
<robot generated="20180312 12:10:51.836" generator="Robot 3.0.2 (Python 2.7.8 on win32)">
<suite source="D:\TON\WebTesting\Browser\GUI\Demo_TON\TestCases.robot" id="s1" name="TestCases">
<test id="s1-t1" name="BF_Signup">
<kw name="TestExecution Arguments" library="Comment">
<arguments>
<arg>Headless</arg>
<arg>Instances</arg>
<arg>LoadTest</arg>
</arguments>
<status status="PASS" endtime="20180312 12:10:52.321" starttime="20180312 12:10:52.321"></status>
</kw>
<kw name="TC BF Signup" library="BF_Signup">
<arguments>
<arg>no</arg>
<arg>2</arg>
<arg>yes</arg>
</arguments>
<msg timestamp="20180312 12:11:22.360" level="INFO">Starting Thread-1

Exiting Main Thread

Exiting Main Thread

('Number of Instances', 2)</msg>
<msg timestamp="20180312 12:11:22.360" level="INFO">Exception in thread Thread-5:
Traceback (most recent call last):
  File "C:\Python27\lib\threading.py", line 810, in __bootstrap_inner
    self.run()
  File "C:\Python27\lib\threading.py", line 763, in run
    self.__target(*self.__args, **self.__kwargs)
  File "D:\TON\WebTesting\Browser\GUI\Demo_TON\BF_Signup\BF_Signup.py", line 80, in BF_Signup
    assert (1 &gt; 2) , str(e)
AssertionError: Message: no such element: Unable to locate element: {"method":"link text","selector":"Sign up"}
  (Session info: chrome=64.0.3282.186)
  (Driver info: chromedriver=2.33.506120 (e3e53437346286c0bc2d2dc9aa4915ba81d9023f),platform=Windows NT 10.0.15063 x86_64)


Exception in thread Thread-4:
Traceback (most recent call last):
  File "C:\Python27\lib\threading.py", line 810, in __bootstrap_inner
    self.run()
  File "C:\Python27\lib\threading.py", line 763, in run
    self.__target(*self.__args, **self.__kwargs)
  File "D:\TON\WebTesting\Browser\GUI\Demo_TON\BF_Signup\BF_Signup.py", line 80, in BF_Signup
    assert (1 &gt; 2) , str(e)
AssertionError: Message: no such element: Unable to locate element: {"method":"link text","selector":"Sign up"}
  (Session info: chrome=64.0.3282.186)
  (Driver info: chromedriver=2.33.506120 (e3e53437346286c0bc2d2dc9aa4915ba81d9023f),platform=Windows NT 10.0.15063 x86_64)</msg>
<status status="PASS" endtime="20180312 12:11:22.360" starttime="20180312 12:10:52.321"></status>
</kw>
<status status="PASS" endtime="20180312 12:11:22.360" critical="yes" starttime="20180312 12:10:52.321"></status>
</test>
<status status="PASS" endtime="20180312 12:11:22.360" starttime="20180312 12:10:51.906"></status>
</suite>
<statistics>
<total>
<stat fail="0" pass="1">Critical Tests</stat>
<stat fail="0" pass="1">All Tests</stat>
</total>
<tag>
</tag>
<suite>
<stat fail="0" id="s1" name="TestCases" pass="1">TestCases</stat>
</suite>
</statistics>
<errors>
</errors>
</robot>
