<?xml version="1.0" encoding="UTF-8"?>
<robot generated="20180316 11:03:58.160" generator="Robot 3.0.2 (Python 2.7.8 on win32)">
<suite source="D:\TON\WebTesting\Browser\GUI\Demo_TON\TestCases.robot" id="s1" name="TestCases">
<test id="s1-t1" name="BF_Signup">
<kw name="TestExecution Arguments" library="Comment">
<arguments>
<arg>Headless</arg>
<arg>Instances</arg>
<arg>LoadTest</arg>
</arguments>
<status status="PASS" endtime="20180316 11:04:03.254" starttime="20180316 11:04:03.249"></status>
</kw>
<kw name="TC BF Signup" library="BF_Signup">
<arguments>
<arg>no</arg>
<arg>3</arg>
<arg>yes</arg>
</arguments>
<msg timestamp="20180316 11:04:35.305" level="INFO">Starting Thread-1

Exiting Main Thread

Exiting Main Thread</msg>
<msg timestamp="20180316 11:04:35.305" level="INFO">Exception in thread Thread-6:
Traceback (most recent call last):
  File "C:\Python27\lib\threading.py", line 810, in __bootstrap_inner
    self.run()
  File "C:\Python27\lib\threading.py", line 763, in run
    self.__target(*self.__args, **self.__kwargs)
  File "D:\TON\WebTesting\Browser\GUI\Demo_TON\BF_Signup\BF_Signup.py", line 86, in BF_Signup
    assert (1 &gt; 2) , str(e)
AssertionError: Message: no such element: Unable to locate element: {"method":"link text","selector":"Sign up"}
  (Session info: chrome=64.0.3282.186)
  (Driver info: chromedriver=2.33.506120 (e3e53437346286c0bc2d2dc9aa4915ba81d9023f),platform=Windows NT 10.0.15063 x86_64)</msg>
<msg timestamp="20180316 11:04:35.305" level="FAIL">AssertionError</msg>
<status status="FAIL" endtime="20180316 11:04:35.305" starttime="20180316 11:04:03.254"></status>
</kw>
<status status="FAIL" endtime="20180316 11:04:35.310" critical="yes" starttime="20180316 11:04:03.249">AssertionError</status>
</test>
<status status="FAIL" endtime="20180316 11:04:35.315" starttime="20180316 11:03:58.471"></status>
</suite>
<statistics>
<total>
<stat fail="1" pass="0">Critical Tests</stat>
<stat fail="1" pass="0">All Tests</stat>
</total>
<tag>
</tag>
<suite>
<stat fail="1" id="s1" name="TestCases" pass="0">TestCases</stat>
</suite>
</statistics>
<errors>
</errors>
</robot>
